<?xml version="1.0" encoding="UTF-8"?>
<robot generator="Robot 6.0.2 (Python 3.11.3 on win32)" generated="20230514 17:30:53.068" rpa="false" schemaversion="3">
<suite id="s1" name="Test" source="C:\ZLenovo\Asoftware\RobotFrameWorkApp\Test">
<suite id="s1-s1" name="AutomationExercise" source="C:\ZLenovo\Asoftware\RobotFrameWorkApp\Test\AutomationExercise.robot">
<test id="s1-s1-t1" name="test01" line="11">
<kw name="Open Browser" library="SeleniumLibrary">
<arg>${BaseUrl}</arg>
<arg>chrome</arg>
<doc>Opens a new browser instance to the optional ``url``.</doc>
<msg timestamp="20230514 17:30:53.256" level="INFO">Opening browser 'chrome' to base url 'https://automationexercise.com/'.</msg>
<msg timestamp="20230514 17:30:53.256" level="INFO">Applicable driver not found; attempting to install with Selenium Manager (Beta)</msg>
<status status="PASS" starttime="20230514 17:30:53.256" endtime="20230514 17:31:04.023"/>
</kw>
<kw name="Maximize Browser Window" library="SeleniumLibrary">
<doc>Maximizes current browser window.</doc>
<status status="PASS" starttime="20230514 17:31:04.023" endtime="20230514 17:31:04.149"/>
</kw>
<kw name="Sleep" library="BuiltIn">
<arg>3s</arg>
<doc>Pauses the test executed for the given time.</doc>
<msg timestamp="20230514 17:31:07.150" level="INFO">Slept 3 seconds</msg>
<status status="PASS" starttime="20230514 17:31:04.149" endtime="20230514 17:31:07.150"/>
</kw>
<kw name="Get WebElement" library="SeleniumLibrary">
<arg>${testElement1}</arg>
<doc>Returns the first WebElement matching the given ``locator``.</doc>
<status status="PASS" starttime="20230514 17:31:07.150" endtime="20230514 17:31:07.184"/>
</kw>
<kw name="Click Element" library="SeleniumLibrary">
<arg>${testElement1}</arg>
<doc>Click the element identified by ``locator``.</doc>
<msg timestamp="20230514 17:31:07.184" level="INFO">Clicking element '//*[text()=' Test Cases']'.</msg>
<status status="PASS" starttime="20230514 17:31:07.184" endtime="20230514 17:31:09.135"/>
</kw>
<kw name="Sleep" library="BuiltIn">
<arg>2s</arg>
<doc>Pauses the test executed for the given time.</doc>
<msg timestamp="20230514 17:31:11.136" level="INFO">Slept 2 seconds</msg>
<status status="PASS" starttime="20230514 17:31:09.135" endtime="20230514 17:31:11.136"/>
</kw>
<kw name="Close Browser" library="SeleniumLibrary">
<doc>Closes the current browser.</doc>
<status status="PASS" starttime="20230514 17:31:11.136" endtime="20230514 17:31:13.241"/>
</kw>
<status status="PASS" starttime="20230514 17:30:53.256" endtime="20230514 17:31:13.241"/>
</test>
<status status="PASS" starttime="20230514 17:30:53.126" endtime="20230514 17:31:13.241"/>
</suite>
<suite id="s1-s2" name="Ebay" source="C:\ZLenovo\Asoftware\RobotFrameWorkApp\Test\Ebay.robot">
<test id="s1-s2-t1" name="Verify basic search functionality for ebay" line="12">
<kw name="Starting test case" library="CommonFunctionality" type="SETUP">
<kw name="Open Browser" library="SeleniumLibrary">
<arg>${link to go}</arg>
<arg>chrome</arg>
<doc>Opens a new browser instance to the optional ``url``.</doc>
<msg timestamp="20230514 17:31:13.257" level="INFO">Opening browser 'chrome' to base url 'https://www.ebay.com/'.</msg>
<msg timestamp="20230514 17:31:13.272" level="INFO">Applicable driver not found; attempting to install with Selenium Manager (Beta)</msg>
<status status="PASS" starttime="20230514 17:31:13.257" endtime="20230514 17:31:17.408"/>
</kw>
<kw name="Maximize Browser Window" library="SeleniumLibrary">
<doc>Maximizes current browser window.</doc>
<status status="PASS" starttime="20230514 17:31:17.408" endtime="20230514 17:31:17.652"/>
</kw>
<kw name="Set Selenium Implicit Wait" library="SeleniumLibrary">
<arg>10 seconds</arg>
<doc>Sets the implicit wait value used by Selenium.</doc>
<status status="PASS" starttime="20230514 17:31:17.652" endtime="20230514 17:31:17.652"/>
</kw>
<status status="PASS" starttime="20230514 17:31:13.257" endtime="20230514 17:31:17.652"/>
</kw>
<kw name="Verify search results" library="EbayUserDefinedKeywords">
<kw name="Input Text" library="SeleniumLibrary">
<arg>${searchBox}</arg>
<arg>mobile</arg>
<doc>Types the given ``text`` into the text field identified by ``locator``.</doc>
<msg timestamp="20230514 17:31:17.652" level="INFO">Typing text 'mobile' into text field '//input[@placeholder='Search for anything']'.</msg>
<status status="PASS" starttime="20230514 17:31:17.652" endtime="20230514 17:31:17.742"/>
</kw>
<kw name="Press Keys" library="SeleniumLibrary">
<arg>${submit button}</arg>
<arg>Return</arg>
<doc>Simulates the user pressing key(s) to an element or on the active browser.</doc>
<msg timestamp="20230514 17:31:17.746" level="INFO">Sending key(s) ('Return',) to //input[@id='gh-btn'] element.</msg>
<msg timestamp="20230514 17:31:23.342" level="INFO">Sending keys Return</msg>
<status status="PASS" starttime="20230514 17:31:17.742" endtime="20230514 17:31:23.360"/>
</kw>
<kw name="Page Should Contain" library="SeleniumLibrary">
<arg>${text}</arg>
<doc>Verifies that current page contains ``text``.</doc>
<msg timestamp="20230514 17:31:23.385" level="INFO">Current page contains text 'results for mobile'.</msg>
<status status="PASS" starttime="20230514 17:31:23.361" endtime="20230514 17:31:23.385"/>
</kw>
<status status="PASS" starttime="20230514 17:31:17.652" endtime="20230514 17:31:23.385"/>
</kw>
<kw name="Tear down the test" library="CommonFunctionality" type="TEARDOWN">
<kw name="Sleep" library="BuiltIn">
<arg>2s</arg>
<doc>Pauses the test executed for the given time.</doc>
<msg timestamp="20230514 17:31:25.385" level="INFO">Slept 2 seconds</msg>
<status status="PASS" starttime="20230514 17:31:23.385" endtime="20230514 17:31:25.385"/>
</kw>
<kw name="Close Browser" library="SeleniumLibrary">
<doc>Closes the current browser.</doc>
<status status="PASS" starttime="20230514 17:31:25.386" endtime="20230514 17:31:27.479"/>
</kw>
<status status="PASS" starttime="20230514 17:31:23.385" endtime="20230514 17:31:27.479"/>
</kw>
<doc>this test verifies the basic search for ebay</doc>
<tag>functional</tag>
<status status="PASS" starttime="20230514 17:31:13.257" endtime="20230514 17:31:27.479"/>
</test>
<doc>Basic search Functionality</doc>
<status status="PASS" starttime="20230514 17:31:13.241" endtime="20230514 17:31:27.493"/>
</suite>
<suite id="s1-s3" name="Ebay filter Search" source="C:\ZLenovo\Asoftware\RobotFrameWorkApp\Test\Ebay_filter_Search.robot">
<test id="s1-s3-t1" name="Ebay fiter test" line="9">
<kw name="Starting test case" library="CommonFunctionality">
<kw name="Open Browser" library="SeleniumLibrary">
<arg>${link to go}</arg>
<arg>chrome</arg>
<doc>Opens a new browser instance to the optional ``url``.</doc>
<msg timestamp="20230514 17:31:27.511" level="INFO">Opening browser 'chrome' to base url 'https://www.ebay.com/'.</msg>
<msg timestamp="20230514 17:31:27.511" level="INFO">Applicable driver not found; attempting to install with Selenium Manager (Beta)</msg>
<status status="PASS" starttime="20230514 17:31:27.511" endtime="20230514 17:31:31.088"/>
</kw>
<kw name="Maximize Browser Window" library="SeleniumLibrary">
<doc>Maximizes current browser window.</doc>
<status status="PASS" starttime="20230514 17:31:31.088" endtime="20230514 17:31:31.320"/>
</kw>
<kw name="Set Selenium Implicit Wait" library="SeleniumLibrary">
<arg>10 seconds</arg>
<doc>Sets the implicit wait value used by Selenium.</doc>
<status status="PASS" starttime="20230514 17:31:31.320" endtime="20230514 17:31:31.320"/>
</kw>
<status status="PASS" starttime="20230514 17:31:27.511" endtime="20230514 17:31:31.320"/>
</kw>
<kw name="Verify search results" library="EbayUserDefinedKeywords">
<kw name="Input Text" library="SeleniumLibrary">
<arg>${searchBox}</arg>
<arg>mobile</arg>
<doc>Types the given ``text`` into the text field identified by ``locator``.</doc>
<msg timestamp="20230514 17:31:31.320" level="INFO">Typing text 'mobile' into text field '//input[@placeholder='Search for anything']'.</msg>
<status status="PASS" starttime="20230514 17:31:31.320" endtime="20230514 17:31:31.434"/>
</kw>
<kw name="Press Keys" library="SeleniumLibrary">
<arg>${submit button}</arg>
<arg>Return</arg>
<doc>Simulates the user pressing key(s) to an element or on the active browser.</doc>
<msg timestamp="20230514 17:31:31.436" level="INFO">Sending key(s) ('Return',) to //input[@id='gh-btn'] element.</msg>
<msg timestamp="20230514 17:31:34.261" level="INFO">Sending keys Return</msg>
<status status="PASS" starttime="20230514 17:31:31.435" endtime="20230514 17:31:34.276"/>
</kw>
<kw name="Page Should Contain" library="SeleniumLibrary">
<arg>${text}</arg>
<doc>Verifies that current page contains ``text``.</doc>
<msg timestamp="20230514 17:31:34.299" level="INFO">Current page contains text 'results for mobile'.</msg>
<status status="PASS" starttime="20230514 17:31:34.276" endtime="20230514 17:31:34.299"/>
</kw>
<status status="PASS" starttime="20230514 17:31:31.320" endtime="20230514 17:31:34.300"/>
</kw>
<kw name="Filter results by condition" library="EbayUserDefinedKeywords">
<kw name="Mouse Over" library="SeleniumLibrary">
<arg>${condition}</arg>
<doc>Simulates hovering the mouse over the element ``locator``.</doc>
<msg timestamp="20230514 17:31:34.301" level="INFO">Simulating Mouse Over on element '//span[text()='Condition']'.</msg>
<status status="PASS" starttime="20230514 17:31:34.301" endtime="20230514 17:31:39.599"/>
</kw>
<kw name="Click Element" library="SeleniumLibrary">
<arg>${condition}</arg>
<doc>Click the element identified by ``locator``.</doc>
<msg timestamp="20230514 17:31:39.599" level="INFO">Clicking element '//span[text()='Condition']'.</msg>
<status status="PASS" starttime="20230514 17:31:39.599" endtime="20230514 17:31:39.662"/>
</kw>
<kw name="Mouse Down" library="SeleniumLibrary">
<arg>${filter new}</arg>
<doc>Simulates pressing the left mouse button on the element ``locator``.</doc>
<msg timestamp="20230514 17:31:39.662" level="INFO">Simulating Mouse Down on element '(//span[text()='New'])[2]'.</msg>
<status status="PASS" starttime="20230514 17:31:39.662" endtime="20230514 17:31:44.930"/>
</kw>
<kw name="Click Element" library="SeleniumLibrary">
<arg>${filter new}</arg>
<doc>Click the element identified by ``locator``.</doc>
<msg timestamp="20230514 17:31:44.930" level="INFO">Clicking element '(//span[text()='New'])[2]'.</msg>
<status status="PASS" starttime="20230514 17:31:44.930" endtime="20230514 17:31:48.548"/>
</kw>
<status status="PASS" starttime="20230514 17:31:34.301" endtime="20230514 17:31:48.548"/>
</kw>
<kw name="Verify filter results" library="EbayUserDefinedKeywords">
<kw name="Element Should Contain" library="SeleniumLibrary">
<arg>${verifyNew}</arg>
<arg>New</arg>
<doc>Verifies that element ``locator`` contains text ``expected``.</doc>
<msg timestamp="20230514 17:31:48.604" level="INFO">Element '//div[text()='New']' contains text 'New'.</msg>
<status status="PASS" starttime="20230514 17:31:48.548" endtime="20230514 17:31:48.604"/>
</kw>
<status status="PASS" starttime="20230514 17:31:48.548" endtime="20230514 17:31:48.604"/>
</kw>
<kw name="Tear down the test" library="CommonFunctionality">
<kw name="Sleep" library="BuiltIn">
<arg>2s</arg>
<doc>Pauses the test executed for the given time.</doc>
<msg timestamp="20230514 17:31:50.604" level="INFO">Slept 2 seconds</msg>
<status status="PASS" starttime="20230514 17:31:48.604" endtime="20230514 17:31:50.604"/>
</kw>
<kw name="Close Browser" library="SeleniumLibrary">
<doc>Closes the current browser.</doc>
<status status="PASS" starttime="20230514 17:31:50.604" endtime="20230514 17:31:52.703"/>
</kw>
<status status="PASS" starttime="20230514 17:31:48.604" endtime="20230514 17:31:52.703"/>
</kw>
<doc>This test case verify the filtered data</doc>
<tag>functional</tag>
<status status="PASS" starttime="20230514 17:31:27.504" endtime="20230514 17:31:52.703"/>
</test>
<doc>Basic search Functionality</doc>
<status status="PASS" starttime="20230514 17:31:27.501" endtime="20230514 17:31:52.703"/>
</suite>
<status status="PASS" starttime="20230514 17:30:53.099" endtime="20230514 17:31:52.703"/>
</suite>
<statistics>
<total>
<stat pass="3" fail="0" skip="0">All Tests</stat>
</total>
<tag>
<stat pass="2" fail="0" skip="0">functional</stat>
</tag>
<suite>
<stat pass="3" fail="0" skip="0" id="s1" name="Test">Test</stat>
<stat pass="1" fail="0" skip="0" id="s1-s1" name="AutomationExercise">Test.AutomationExercise</stat>
<stat pass="1" fail="0" skip="0" id="s1-s2" name="Ebay">Test.Ebay</stat>
<stat pass="1" fail="0" skip="0" id="s1-s3" name="Ebay filter Search">Test.Ebay filter Search</stat>
</suite>
</statistics>
<errors>
</errors>
</robot>
