<?xml version="1.0" encoding="UTF-8"?>
<robot generator="Robot 6.0.2 (Python 3.11.3 on win32)" generated="20230514 15:43:11.179" rpa="false" schemaversion="3">
<suite id="s1" name="Ebay filter Search" source="C:\ZLenovo\Asoftware\RobotFrameWorkApp\Test\Ebay_filter_Search.robot">
<test id="s1-t1" name="Ebay fiter test" line="9">
<kw name="Starting test case" library="CommonFunctionality">
<kw name="Open Browser" library="SeleniumLibrary">
<arg>${link to go}</arg>
<arg>chrome</arg>
<doc>Opens a new browser instance to the optional ``url``.</doc>
<msg timestamp="20230514 15:43:11.348" level="INFO">Opening browser 'chrome' to base url 'https://www.ebay.com/'.</msg>
<msg timestamp="20230514 15:43:11.348" level="INFO">Applicable driver not found; attempting to install with Selenium Manager (Beta)</msg>
<status status="PASS" starttime="20230514 15:43:11.348" endtime="20230514 15:43:15.356"/>
</kw>
<kw name="Maximize Browser Window" library="SeleniumLibrary">
<doc>Maximizes current browser window.</doc>
<status status="PASS" starttime="20230514 15:43:15.357" endtime="20230514 15:43:15.468"/>
</kw>
<kw name="Set Selenium Implicit Wait" library="SeleniumLibrary">
<arg>10 seconds</arg>
<doc>Sets the implicit wait value used by Selenium.</doc>
<status status="PASS" starttime="20230514 15:43:15.468" endtime="20230514 15:43:15.468"/>
</kw>
<status status="PASS" starttime="20230514 15:43:11.348" endtime="20230514 15:43:15.468"/>
</kw>
<kw name="Verify search results" library="EbayUserDefinedKeywords">
<kw name="Input Text" library="SeleniumLibrary">
<arg>${searchBox}</arg>
<arg>mobile</arg>
<doc>Types the given ``text`` into the text field identified by ``locator``.</doc>
<msg timestamp="20230514 15:43:15.468" level="INFO">Typing text 'mobile' into text field '//input[@placeholder='Search for anything']'.</msg>
<status status="PASS" starttime="20230514 15:43:15.468" endtime="20230514 15:43:15.588"/>
</kw>
<kw name="Press Keys" library="SeleniumLibrary">
<arg>${submit button}</arg>
<arg>Return</arg>
<doc>Simulates the user pressing key(s) to an element or on the active browser.</doc>
<msg timestamp="20230514 15:43:15.588" level="INFO">Sending key(s) ('Return',) to //input[@id='gh-btn'] element.</msg>
<msg timestamp="20230514 15:43:18.593" level="INFO">Sending keys Return</msg>
<status status="PASS" starttime="20230514 15:43:15.588" endtime="20230514 15:43:18.689"/>
</kw>
<kw name="Page Should Contain" library="SeleniumLibrary">
<arg>${text}</arg>
<doc>Verifies that current page contains ``text``.</doc>
<msg timestamp="20230514 15:43:18.713" level="INFO">Current page contains text 'results for mobile'.</msg>
<status status="PASS" starttime="20230514 15:43:18.697" endtime="20230514 15:43:18.713"/>
</kw>
<status status="PASS" starttime="20230514 15:43:15.468" endtime="20230514 15:43:18.713"/>
</kw>
<kw name="Filter results by condition" library="EbayUserDefinedKeywords">
<kw name="Mouse Over" library="SeleniumLibrary">
<arg>${condition}</arg>
<doc>Simulates hovering the mouse over the element ``locator``.</doc>
<msg timestamp="20230514 15:43:18.713" level="INFO">Simulating Mouse Over on element '//span[text()='Condition']'.</msg>
<status status="PASS" starttime="20230514 15:43:18.713" endtime="20230514 15:43:19.012"/>
</kw>
<kw name="Click Element" library="SeleniumLibrary">
<arg>${condition}</arg>
<doc>Click the element identified by ``locator``.</doc>
<msg timestamp="20230514 15:43:19.012" level="INFO">Clicking element '//span[text()='Condition']'.</msg>
<status status="PASS" starttime="20230514 15:43:19.012" endtime="20230514 15:43:19.052"/>
</kw>
<kw name="Mouse Down" library="SeleniumLibrary">
<arg>${filter new}</arg>
<doc>Simulates pressing the left mouse button on the element ``locator``.</doc>
<msg timestamp="20230514 15:43:19.052" level="INFO">Simulating Mouse Down on element '(//span[text()='New'])[2]'.</msg>
<status status="PASS" starttime="20230514 15:43:19.052" endtime="20230514 15:43:19.369"/>
</kw>
<kw name="Click Element" library="SeleniumLibrary">
<arg>${filter new}</arg>
<doc>Click the element identified by ``locator``.</doc>
<msg timestamp="20230514 15:43:19.369" level="INFO">Clicking element '(//span[text()='New'])[2]'.</msg>
<status status="PASS" starttime="20230514 15:43:19.369" endtime="20230514 15:43:21.552"/>
</kw>
<status status="PASS" starttime="20230514 15:43:18.713" endtime="20230514 15:43:21.552"/>
</kw>
<kw name="Verify filter results" library="EbayUserDefinedKeywords">
<kw name="Element Should Contain" library="SeleniumLibrary">
<arg>${verifyNew}</arg>
<arg>New</arg>
<doc>Verifies that element ``locator`` contains text ``expected``.</doc>
<msg timestamp="20230514 15:43:21.695" level="INFO">Element '//div[text()='New']' contains text 'New'.</msg>
<status status="PASS" starttime="20230514 15:43:21.560" endtime="20230514 15:43:21.695"/>
</kw>
<status status="PASS" starttime="20230514 15:43:21.552" endtime="20230514 15:43:21.695"/>
</kw>
<kw name="Tear down the test" library="CommonFunctionality">
<kw name="Sleep" library="BuiltIn">
<arg>2s</arg>
<doc>Pauses the test executed for the given time.</doc>
<msg timestamp="20230514 15:43:23.695" level="INFO">Slept 2 seconds</msg>
<status status="PASS" starttime="20230514 15:43:21.695" endtime="20230514 15:43:23.695"/>
</kw>
<kw name="Close Browser" library="SeleniumLibrary">
<doc>Closes the current browser.</doc>
<status status="PASS" starttime="20230514 15:43:23.695" endtime="20230514 15:43:25.828"/>
</kw>
<status status="PASS" starttime="20230514 15:43:21.695" endtime="20230514 15:43:25.828"/>
</kw>
<doc>This test case verify the filtered data</doc>
<tag>functional</tag>
<status status="PASS" starttime="20230514 15:43:11.348" endtime="20230514 15:43:25.828"/>
</test>
<doc>Basic search Functionality</doc>
<status status="PASS" starttime="20230514 15:43:11.223" endtime="20230514 15:43:25.828"/>
</suite>
<statistics>
<total>
<stat pass="1" fail="0" skip="0">All Tests</stat>
</total>
<tag>
<stat pass="1" fail="0" skip="0">functional</stat>
</tag>
<suite>
<stat pass="1" fail="0" skip="0" id="s1" name="Ebay filter Search">Ebay filter Search</stat>
</suite>
</statistics>
<errors>
</errors>
</robot>
