<?xml version="1.0" encoding="UTF-8"?>
<robot generator="Robot 6.0.1 (Python 3.11.1 on win32)" generated="20221226 00:03:55.100" rpa="false" schemaversion="3">
<suite id="s1" name="RobotFrameWorkApp" source="C:\Asoftware\RobotFrameWorkApp">
<suite id="s1-s1" name="Test" source="C:\Asoftware\RobotFrameWorkApp\Test">
<suite id="s1-s1-s1" name="AutomationExercise" source="C:\Asoftware\RobotFrameWorkApp\Test\AutomationExercise.robot">
<test id="s1-s1-s1-t1" name="test01" line="11">
<kw name="Open Browser" library="SeleniumLibrary">
<arg>${BaseUrl}</arg>
<arg>chrome</arg>
<doc>Opens a new browser instance to the optional ``url``.</doc>
<msg timestamp="20221226 00:03:55.707" level="INFO">Opening browser 'chrome' to base url 'https://automationexercise.com/'.</msg>
<status status="PASS" starttime="20221226 00:03:55.705" endtime="20221226 00:04:07.801"/>
</kw>
<kw name="Maximize Browser Window" library="SeleniumLibrary">
<doc>Maximizes current browser window.</doc>
<status status="PASS" starttime="20221226 00:04:07.802" endtime="20221226 00:04:07.938"/>
</kw>
<kw name="Sleep" library="BuiltIn">
<arg>3s</arg>
<doc>Pauses the test executed for the given time.</doc>
<msg timestamp="20221226 00:04:10.943" level="INFO">Slept 3 seconds</msg>
<status status="PASS" starttime="20221226 00:04:07.940" endtime="20221226 00:04:10.944"/>
</kw>
<kw name="Get WebElement" library="SeleniumLibrary">
<arg>${testElement1}</arg>
<doc>Returns the first WebElement matching the given ``locator``.</doc>
<status status="PASS" starttime="20221226 00:04:10.948" endtime="20221226 00:04:10.976"/>
</kw>
<kw name="Click Element" library="SeleniumLibrary">
<arg>${testElement1}</arg>
<doc>Click the element identified by ``locator``.</doc>
<msg timestamp="20221226 00:04:10.978" level="INFO">Clicking element '//*[text()=' Test Cases']'.</msg>
<status status="PASS" starttime="20221226 00:04:10.976" endtime="20221226 00:04:11.084"/>
</kw>
<kw name="Sleep" library="BuiltIn">
<arg>2s</arg>
<doc>Pauses the test executed for the given time.</doc>
<msg timestamp="20221226 00:04:13.094" level="INFO">Slept 2 seconds</msg>
<status status="PASS" starttime="20221226 00:04:11.092" endtime="20221226 00:04:13.095"/>
</kw>
<kw name="Close Browser" library="SeleniumLibrary">
<doc>Closes the current browser.</doc>
<status status="PASS" starttime="20221226 00:04:13.098" endtime="20221226 00:04:15.471"/>
</kw>
<status status="PASS" starttime="20221226 00:03:55.702" endtime="20221226 00:04:15.474"/>
</test>
<status status="PASS" starttime="20221226 00:03:55.159" endtime="20221226 00:04:15.480"/>
</suite>
<status status="PASS" starttime="20221226 00:03:55.148" endtime="20221226 00:04:15.491"/>
</suite>
<status status="PASS" starttime="20221226 00:03:55.108" endtime="20221226 00:04:15.496"/>
</suite>
<statistics>
<total>
<stat pass="1" fail="0" skip="0">All Tests</stat>
</total>
<tag>
</tag>
<suite>
<stat pass="1" fail="0" skip="0" id="s1" name="RobotFrameWorkApp">RobotFrameWorkApp</stat>
<stat pass="1" fail="0" skip="0" id="s1-s1" name="Test">RobotFrameWorkApp.Test</stat>
<stat pass="1" fail="0" skip="0" id="s1-s1-s1" name="AutomationExercise">RobotFrameWorkApp.Test.AutomationExercise</stat>
</suite>
</statistics>
<errors>
</errors>
</robot>
