<?xml version="1.0" encoding="UTF-8"?>
<robot generator="Robot 6.0.1 (Python 3.11.1 on win32)" generated="20221229 00:51:35.502" rpa="false" schemaversion="3">
<suite id="s1" name="RobotFrameWorkApp" source="C:\Asoftware\RobotFrameWorkApp">
<suite id="s1-s1" name="Test" source="C:\Asoftware\RobotFrameWorkApp\Test">
<suite id="s1-s1-s1" name="GalaFurniture" source="C:\Asoftware\RobotFrameWorkApp\Test\GalaFurniture.robot">
<test id="s1-s1-s1-t1" name="Create a new account" line="12">
<kw name="Open Browser" library="SeleniumLibrary" type="SETUP">
<arg>${URL}</arg>
<arg>${BROWSER}</arg>
<doc>Opens a new browser instance to the optional ``url``.</doc>
<msg timestamp="20221229 00:51:36.645" level="INFO">Opening browser 'chrome' to base url 'https://www.galafurn.com/'.</msg>
<status status="PASS" starttime="20221229 00:51:36.643" endtime="20221229 00:51:44.128"/>
</kw>
<kw name="Maximize Browser Window" library="SeleniumLibrary">
<doc>Maximizes current browser window.</doc>
<status status="PASS" starttime="20221229 00:51:44.129" endtime="20221229 00:51:44.452"/>
</kw>
<kw name="Click the create link" library="HomePage">
<kw name="Click Link" library="SeleniumLibrary">
<arg>${createAccountLink}</arg>
<doc>Clicks a link identified by ``locator``.</doc>
<msg timestamp="20221229 00:51:44.457" level="INFO">Clicking link '(//a[@class='header-top__link'])[2]'.</msg>
<status status="PASS" starttime="20221229 00:51:44.455" endtime="20221229 00:51:45.634"/>
</kw>
<kw name="Sleep" library="BuiltIn">
<arg>3s</arg>
<doc>Pauses the test executed for the given time.</doc>
<msg timestamp="20221229 00:51:48.636" level="INFO">Slept 3 seconds</msg>
<status status="PASS" starttime="20221229 00:51:45.634" endtime="20221229 00:51:48.637"/>
</kw>
<status status="PASS" starttime="20221229 00:51:44.453" endtime="20221229 00:51:48.639"/>
</kw>
<kw name="Uyelik formunu doldur" library="RegisteredPage">
<kw name="Name" library="FakerLibrary">
<var>${fake}</var>
<doc>:example 'John Doe'</doc>
<msg timestamp="20221229 00:51:48.648" level="INFO">${fake} = William Lewis</msg>
<status status="PASS" starttime="20221229 00:51:48.645" endtime="20221229 00:51:48.652"/>
</kw>
<kw name="Input Text" library="SeleniumLibrary">
<arg>${firstname}</arg>
<arg>${fake}</arg>
<doc>Types the given ``text`` into the text field identified by ``locator``.</doc>
<msg timestamp="20221229 00:51:48.657" level="INFO">Typing text 'William Lewis' into text field '//input[@id='CreateCustomerForm-firstname']'.</msg>
<status status="PASS" starttime="20221229 00:51:48.652" endtime="20221229 00:51:48.804"/>
</kw>
<kw name="Last Name" library="FakerLibrary">
<var>${fake2}</var>
<msg timestamp="20221229 00:51:48.806" level="INFO">${fake2} = Carter</msg>
<status status="PASS" starttime="20221229 00:51:48.805" endtime="20221229 00:51:48.807"/>
</kw>
<kw name="Input Text" library="SeleniumLibrary">
<arg>${lastname}</arg>
<arg>${fake2}</arg>
<doc>Types the given ``text`` into the text field identified by ``locator``.</doc>
<msg timestamp="20221229 00:51:48.809" level="INFO">Typing text 'Carter' into text field '//input[@id='CreateCustomerForm-lastname']'.</msg>
<status status="PASS" starttime="20221229 00:51:48.807" endtime="20221229 00:51:48.970"/>
</kw>
<kw name="Email" library="FakerLibrary">
<var>${fake3}</var>
<msg timestamp="20221229 00:51:48.972" level="INFO">${fake3} = krystal40@example.net</msg>
<status status="PASS" starttime="20221229 00:51:48.970" endtime="20221229 00:51:48.972"/>
</kw>
<kw name="Input Text" library="SeleniumLibrary">
<arg>${email}</arg>
<arg>${fake3}</arg>
<doc>Types the given ``text`` into the text field identified by ``locator``.</doc>
<msg timestamp="20221229 00:51:48.978" level="INFO">Typing text 'krystal40@example.net' into text field '//input[@id='CreateCustomerForm-email']'.</msg>
<status status="PASS" starttime="20221229 00:51:48.973" endtime="20221229 00:51:49.213"/>
</kw>
<kw name="Password" library="FakerLibrary">
<var>${fake4}</var>
<doc>Generate a random password of the specified ``length``.</doc>
<msg timestamp="20221229 00:51:49.216" level="INFO">${fake4} = Ht0Av9hj(o</msg>
<status status="PASS" starttime="20221229 00:51:49.215" endtime="20221229 00:51:49.216"/>
</kw>
<kw name="Input Password" library="SeleniumLibrary">
<arg>${password}</arg>
<arg>${passwordStr}</arg>
<doc>Types the given password into the text field identified by ``locator``.</doc>
<msg timestamp="20221229 00:51:49.218" level="INFO">Typing password into text field '//input[@id='CreateCustomerForm-password']'.</msg>
<msg timestamp="20221229 00:51:49.287" level="INFO">Temporally setting log level to: NONE</msg>
<msg timestamp="20221229 00:51:49.350" level="INFO">Log level changed from NONE to INFO.</msg>
<status status="PASS" starttime="20221229 00:51:49.216" endtime="20221229 00:51:49.350"/>
</kw>
<kw name="Click Button" library="SeleniumLibrary">
<arg>${createButonu}</arg>
<doc>Clicks the button identified by ``locator``.</doc>
<msg timestamp="20221229 00:51:49.352" level="INFO">Clicking button '//button[@class='button button--cta button--solid']'.</msg>
<status status="PASS" starttime="20221229 00:51:49.351" endtime="20221229 00:51:51.904"/>
</kw>
<status status="PASS" starttime="20221229 00:51:48.642" endtime="20221229 00:51:51.905"/>
</kw>
<kw name="Logout should be visible" library="HomePage">
<kw name="Element Should Be Visible" library="SeleniumLibrary">
<arg>${logoutBtn}</arg>
<doc>Verifies that the element identified by ``locator`` is visible.</doc>
<msg timestamp="20221229 00:51:52.073" level="INFO">Element '(//a[@class='header-top__link'])[1]' is displayed.</msg>
<status status="PASS" starttime="20221229 00:51:51.907" endtime="20221229 00:51:52.074"/>
</kw>
<kw name="Sleep" library="BuiltIn">
<arg>3s</arg>
<doc>Pauses the test executed for the given time.</doc>
<msg timestamp="20221229 00:51:55.076" level="INFO">Slept 3 seconds</msg>
<status status="PASS" starttime="20221229 00:51:52.074" endtime="20221229 00:51:55.076"/>
</kw>
<status status="PASS" starttime="20221229 00:51:51.906" endtime="20221229 00:51:55.077"/>
</kw>
<status status="PASS" starttime="20221229 00:51:36.630" endtime="20221229 00:51:55.078"/>
</test>
<doc>Gala furniture website test case</doc>
<status status="PASS" starttime="20221229 00:51:35.570" endtime="20221229 00:51:55.082"/>
</suite>
<status status="PASS" starttime="20221229 00:51:35.563" endtime="20221229 00:51:55.087"/>
</suite>
<status status="PASS" starttime="20221229 00:51:35.512" endtime="20221229 00:51:55.093"/>
</suite>
<statistics>
<total>
<stat pass="1" fail="0" skip="0">All Tests</stat>
</total>
<tag>
</tag>
<suite>
<stat pass="1" fail="0" skip="0" id="s1" name="RobotFrameWorkApp">RobotFrameWorkApp</stat>
<stat pass="1" fail="0" skip="0" id="s1-s1" name="Test">RobotFrameWorkApp.Test</stat>
<stat pass="1" fail="0" skip="0" id="s1-s1-s1" name="GalaFurniture">RobotFrameWorkApp.Test.GalaFurniture</stat>
</suite>
</statistics>
<errors>
</errors>
</robot>
