<?xml version="1.0" encoding="UTF-8"?>
<robot generator="Robot 6.0.1 (Python 3.11.1 on win32)" generated="20221226 23:19:40.212" rpa="false" schemaversion="3">
<suite id="s1" name="RobotFrameWorkApp" source="C:\Asoftware\RobotFrameWorkApp">
<suite id="s1-s1" name="Test" source="C:\Asoftware\RobotFrameWorkApp\Test">
<suite id="s1-s1-s1" name="GalaFurniture" source="C:\Asoftware\RobotFrameWorkApp\Test\GalaFurniture.robot">
<test id="s1-s1-s1-t1" name="Create a new account" line="11">
<kw name="Open Browser" library="SeleniumLibrary" type="SETUP">
<arg>${URL}</arg>
<arg>${BROWSER}</arg>
<doc>Opens a new browser instance to the optional ``url``.</doc>
<msg timestamp="20221226 23:19:41.299" level="INFO">Opening browser 'chrome' to base url 'https://www.galafurn.com/'.</msg>
<status status="PASS" starttime="20221226 23:19:41.297" endtime="20221226 23:19:46.895"/>
</kw>
<kw name="Maximize Browser Window" library="SeleniumLibrary">
<doc>Maximizes current browser window.</doc>
<status status="PASS" starttime="20221226 23:19:46.896" endtime="20221226 23:19:47.014"/>
</kw>
<kw name="Click the create link" library="HomePage">
<kw name="Click Link" library="SeleniumLibrary">
<arg>${createAccountLink}</arg>
<doc>Clicks a link identified by ``locator``.</doc>
<msg timestamp="20221226 23:19:47.017" level="INFO">Clicking link '(//a[@id='customer_register_link'])[1]'.</msg>
<status status="PASS" starttime="20221226 23:19:47.016" endtime="20221226 23:19:48.392"/>
</kw>
<kw name="Sleep" library="BuiltIn">
<arg>3s</arg>
<doc>Pauses the test executed for the given time.</doc>
<msg timestamp="20221226 23:19:51.394" level="INFO">Slept 3 seconds</msg>
<status status="PASS" starttime="20221226 23:19:48.393" endtime="20221226 23:19:51.395"/>
</kw>
<status status="PASS" starttime="20221226 23:19:47.014" endtime="20221226 23:19:51.395"/>
</kw>
<kw name="Uyelik formunu doldur" library="RegisteredPage">
<kw name="Name" library="FakerLibrary">
<var>${fake}</var>
<doc>:example 'John Doe'</doc>
<msg timestamp="20221226 23:19:51.401" level="INFO">${fake} = Carolyn Holland</msg>
<status status="PASS" starttime="20221226 23:19:51.398" endtime="20221226 23:19:51.402"/>
</kw>
<kw name="Input Text" library="SeleniumLibrary">
<arg>${firstname}</arg>
<arg>faruk</arg>
<doc>Types the given ``text`` into the text field identified by ``locator``.</doc>
<msg timestamp="20221226 23:19:51.406" level="INFO">Typing text 'faruk' into text field '//input[@id='FirstName']'.</msg>
<status status="PASS" starttime="20221226 23:19:51.403" endtime="20221226 23:19:51.507"/>
</kw>
<status status="PASS" starttime="20221226 23:19:51.397" endtime="20221226 23:19:51.508"/>
</kw>
<status status="PASS" starttime="20221226 23:19:41.295" endtime="20221226 23:19:51.509"/>
</test>
<status status="PASS" starttime="20221226 23:19:40.270" endtime="20221226 23:19:51.511"/>
</suite>
<status status="PASS" starttime="20221226 23:19:40.261" endtime="20221226 23:19:51.516"/>
</suite>
<status status="PASS" starttime="20221226 23:19:40.219" endtime="20221226 23:19:51.520"/>
</suite>
<statistics>
<total>
<stat pass="1" fail="0" skip="0">All Tests</stat>
</total>
<tag>
</tag>
<suite>
<stat pass="1" fail="0" skip="0" id="s1" name="RobotFrameWorkApp">RobotFrameWorkApp</stat>
<stat pass="1" fail="0" skip="0" id="s1-s1" name="Test">RobotFrameWorkApp.Test</stat>
<stat pass="1" fail="0" skip="0" id="s1-s1-s1" name="GalaFurniture">RobotFrameWorkApp.Test.GalaFurniture</stat>
</suite>
</statistics>
<errors>
</errors>
</robot>
