<?xml version="1.0" encoding="UTF-8"?>
<robot generator="Robot 6.0.1 (Python 3.11.1 on win32)" generated="20221226 12:59:57.150" rpa="false" schemaversion="3">
<suite id="s1" name="RobotFrameWorkApp" source="C:\Asoftware\RobotFrameWorkApp">
<suite id="s1-s1" name="Test" source="C:\Asoftware\RobotFrameWorkApp\Test">
<suite id="s1-s1-s1" name="Ebay" source="C:\Asoftware\RobotFrameWorkApp\Test\Ebay.robot">
<test id="s1-s1-s1-t1" name="Verify basic search functionality for ebay" line="15">
<kw name="Starting test case">
<kw name="Open Browser" library="SeleniumLibrary">
<arg>${link to go}</arg>
<arg>chrome</arg>
<doc>Opens a new browser instance to the optional ``url``.</doc>
<msg timestamp="20221226 12:59:57.709" level="INFO">Opening browser 'chrome' to base url 'https://www.ebay.com/'.</msg>
<status status="PASS" starttime="20221226 12:59:57.707" endtime="20221226 13:00:04.765"/>
</kw>
<kw name="Maximize Browser Window" library="SeleniumLibrary">
<doc>Maximizes current browser window.</doc>
<status status="PASS" starttime="20221226 13:00:04.766" endtime="20221226 13:00:04.912"/>
</kw>
<kw name="Set Selenium Implicit Wait" library="SeleniumLibrary">
<arg>10 seconds</arg>
<doc>Sets the implicit wait value used by Selenium.</doc>
<status status="PASS" starttime="20221226 13:00:04.912" endtime="20221226 13:00:04.915"/>
</kw>
<status status="PASS" starttime="20221226 12:59:57.705" endtime="20221226 13:00:04.916"/>
</kw>
<kw name="Verify search results">
<kw name="Input Text" library="SeleniumLibrary">
<arg>${searchBox}</arg>
<arg>mobile</arg>
<doc>Types the given ``text`` into the text field identified by ``locator``.</doc>
<msg timestamp="20221226 13:00:04.919" level="INFO">Typing text 'mobile' into text field '//input[@placeholder='Search for anything']'.</msg>
<status status="PASS" starttime="20221226 13:00:04.918" endtime="20221226 13:00:05.164"/>
</kw>
<kw name="Press Keys" library="SeleniumLibrary">
<arg>${submit button}</arg>
<arg>Return</arg>
<doc>Simulates the user pressing key(s) to an element or on the active browser.</doc>
<msg timestamp="20221226 13:00:05.167" level="INFO">Sending key(s) ('Return',) to //input[@id='gh-btn'] element.</msg>
<msg timestamp="20221226 13:00:10.051" level="INFO">Sending keys Return</msg>
<status status="PASS" starttime="20221226 13:00:05.165" endtime="20221226 13:00:10.343"/>
</kw>
<kw name="Page Should Contain" library="SeleniumLibrary">
<arg>${text}</arg>
<doc>Verifies that current page contains ``text``.</doc>
<msg timestamp="20221226 13:00:10.428" level="INFO">Current page contains text '40,000+ results for mobile'.</msg>
<status status="PASS" starttime="20221226 13:00:10.343" endtime="20221226 13:00:10.429"/>
</kw>
<status status="PASS" starttime="20221226 13:00:04.917" endtime="20221226 13:00:10.429"/>
</kw>
<kw name="Tear down the test">
<kw name="Sleep" library="BuiltIn">
<arg>2s</arg>
<doc>Pauses the test executed for the given time.</doc>
<msg timestamp="20221226 13:00:12.433" level="INFO">Slept 2 seconds</msg>
<status status="PASS" starttime="20221226 13:00:10.432" endtime="20221226 13:00:12.434"/>
</kw>
<kw name="Close Browser" library="SeleniumLibrary">
<doc>Closes the current browser.</doc>
<status status="PASS" starttime="20221226 13:00:12.434" endtime="20221226 13:00:15.009"/>
</kw>
<status status="PASS" starttime="20221226 13:00:10.431" endtime="20221226 13:00:15.010"/>
</kw>
<doc>this test verifies the basic search for ebay</doc>
<tag>functional</tag>
<status status="PASS" starttime="20221226 12:59:57.703" endtime="20221226 13:00:15.012"/>
</test>
<doc>Basic search Functionality</doc>
<status status="PASS" starttime="20221226 12:59:57.270" endtime="20221226 13:00:15.020"/>
</suite>
<status status="PASS" starttime="20221226 12:59:57.261" endtime="20221226 13:00:15.031"/>
</suite>
<status status="PASS" starttime="20221226 12:59:57.160" endtime="20221226 13:00:15.041"/>
</suite>
<statistics>
<total>
<stat pass="1" fail="0" skip="0">All Tests</stat>
</total>
<tag>
<stat pass="1" fail="0" skip="0">functional</stat>
</tag>
<suite>
<stat pass="1" fail="0" skip="0" id="s1" name="RobotFrameWorkApp">RobotFrameWorkApp</stat>
<stat pass="1" fail="0" skip="0" id="s1-s1" name="Test">RobotFrameWorkApp.Test</stat>
<stat pass="1" fail="0" skip="0" id="s1-s1-s1" name="Ebay">RobotFrameWorkApp.Test.Ebay</stat>
</suite>
</statistics>
<errors>
</errors>
</robot>
